<?xml version="1.0" encoding="UTF-8"?>
<!-- Generated by org.testng.reporters.JUnitXMLReporter -->
<testsuite ignored="0" hostname="DESKTOP-788G5UR" failures="0" tests="4" name="Surefire test" time="10.857" errors="0" timestamp="2023-08-19T15:01:13 PKT">
  <testcase classname="API.test.UserTests" name="testPostUser" time="3.965"/>
  <testcase classname="API.test.UserTests" name="testGetUserByNAme" time="1.243"/>
  <testcase classname="API.test.UserTests" name="testUpdateUserByName" time="2.418"/>
  <testcase classname="API.test.UserTests" name="testDeleteUserByName" time="2.207"/>
</testsuite> <!-- Surefire test -->
