<?xml version="1.0" encoding="UTF-8"?>
<!-- Generated by org.testng.reporters.JUnitXMLReporter -->
<testsuite ignored="0" hostname="DESKTOP-788G5UR" failures="0" tests="4" name="Test" time="10.336" errors="0" timestamp="2023-08-19T13:04:35 PKT">
  <testcase classname="API.test.UserTests2" name="testPostUser" time="4.0"/>
  <testcase classname="API.test.UserTests2" name="testGetUserByNAme" time="1.2"/>
  <testcase classname="API.test.UserTests2" name="testUpdateUserByName" time="2.35"/>
  <testcase classname="API.test.UserTests2" name="testDeleteUserByName" time="1.187"/>
</testsuite> <!-- Test -->
