<?xml version="1.0" encoding="UTF-8"?>
<!-- Generated by org.testng.reporters.JUnitXMLReporter -->
<testsuite ignored="0" hostname="DESKTOP-788G5UR" failures="0" tests="4" name="Test" time="11.549" errors="0" timestamp="2023-08-19T15:05:37 PKT">
  <testcase classname="API.test.UserTests2" name="testPostUser" time="3.644"/>
  <testcase classname="API.test.UserTests2" name="testGetUserByNAme" time="2.139"/>
  <testcase classname="API.test.UserTests2" name="testUpdateUserByName" time="3.227"/>
  <testcase classname="API.test.UserTests2" name="testDeleteUserByName" time="1.188"/>
</testsuite> <!-- Test -->
