<?xml version="1.0" encoding="UTF-8"?>
<testng-results ignored="0" total="4" passed="4" failed="0" skipped="0">
  <reporter-output>
  </reporter-output>
  <suite started-at="2023-08-19T13:04:25 PKT" name="Suite" finished-at="2023-08-19T13:04:35 PKT" duration-ms="10336">
    <groups>
    </groups>
    <test started-at="2023-08-19T13:04:25 PKT" name="Test" finished-at="2023-08-19T13:04:35 PKT" duration-ms="10336">
      <class name="API.test.UserTests2">
        <test-method is-config="true" signature="setup()[pri:0, instance:API.test.UserTests2@5a45133e]" started-at="2023-08-19T13:04:25 PKT" name="setup" finished-at="2023-08-19T13:04:26 PKT" duration-ms="1072" status="PASS">
          <reporter-output>
          </reporter-output>
        </test-method> <!-- setup -->
        <test-method signature="testPostUser()[pri:1, instance:API.test.UserTests2@5a45133e]" started-at="2023-08-19T13:04:26 PKT" name="testPostUser" finished-at="2023-08-19T13:04:30 PKT" duration-ms="4000" status="PASS">
          <reporter-output>
          </reporter-output>
        </test-method> <!-- testPostUser -->
        <test-method signature="testGetUserByNAme()[pri:2, instance:API.test.UserTests2@5a45133e]" started-at="2023-08-19T13:04:30 PKT" name="testGetUserByNAme" finished-at="2023-08-19T13:04:31 PKT" duration-ms="1200" status="PASS">
          <reporter-output>
          </reporter-output>
        </test-method> <!-- testGetUserByNAme -->
        <test-method signature="testUpdateUserByName()[pri:3, instance:API.test.UserTests2@5a45133e]" started-at="2023-08-19T13:04:31 PKT" name="testUpdateUserByName" finished-at="2023-08-19T13:04:34 PKT" duration-ms="2350" status="PASS">
          <reporter-output>
          </reporter-output>
        </test-method> <!-- testUpdateUserByName -->
        <test-method signature="testDeleteUserByName()[pri:4, instance:API.test.UserTests2@5a45133e]" started-at="2023-08-19T13:04:34 PKT" name="testDeleteUserByName" finished-at="2023-08-19T13:04:35 PKT" duration-ms="1187" status="PASS">
          <reporter-output>
          </reporter-output>
        </test-method> <!-- testDeleteUserByName -->
      </class> <!-- API.test.UserTests2 -->
    </test> <!-- Test -->
  </suite> <!-- Suite -->
</testng-results>
